<?xml version="1.0" encoding="UTF-8"?>
<!-- Generated by org.testng.reporters.JUnitReportReporter -->
<testsuite hostname="Hituj" failures="0" tests="2" name="com.Testcases.session" time="0.033" errors="0" timestamp="2021-06-20T10:24:54 IST" skipped="0">
  <testcase classname="com.Testcases.session" name="doLogin" time="0.022"/>
  <system-out/>
  <testcase classname="com.Testcases.session" name="doLogin" time="0.011"/>
  <system-out/>
</testsuite> <!-- com.Testcases.session -->
