<?xml version="1.0" encoding="UTF-8"?>
<!-- Generated by org.testng.reporters.JUnitReportReporter -->
<testsuite hostname="Hituj" failures="0" tests="2" name="com.Testcases.portfoliomngt" time="7.221" errors="0" timestamp="2021-06-20T10:24:54 IST" skipped="0">
  <testcase classname="com.Testcases.portfoliomngt" name="deletePortfolio" time="2.695"/>
  <system-out/>
  <testcase classname="com.Testcases.portfoliomngt" name="createPortfolio" time="4.526"/>
  <system-out/>
</testsuite> <!-- com.Testcases.portfoliomngt -->
