<?xml version="1.0" encoding="UTF-8"?>
<!-- Generated by org.testng.reporters.JUnitReportReporter -->
<testsuite hostname="Hituj" failures="0" tests="1" name="Testcases.CreatePortfolioTest" time="28.197" errors="0" timestamp="2021-06-20T10:24:54 IST" skipped="0">
  <testcase classname="Testcases.CreatePortfolioTest" name="createPortfolioTest" time="28.197"/>
  <system-out/>
</testsuite> <!-- Testcases.CreatePortfolioTest -->
